TN:
SF:src/application/usecases/CreateEnvio.ts
FN:11,(anonymous_0)
FN:18,(anonymous_1)
FNF:2
FNH:2
FNDA:7,(anonymous_0)
FNDA:7,(anonymous_1)
DA:6,1
DA:10,1
DA:12,7
DA:13,7
DA:14,7
DA:15,7
DA:19,7
DA:20,0
DA:23,7
DA:24,0
DA:27,7
DA:28,1
DA:31,6
DA:32,1
DA:35,5
DA:36,1
DA:39,4
DA:40,1
DA:43,3
DA:44,1
DA:47,2
DA:48,0
DA:51,2
DA:53,2
DA:62,2
DA:64,2
DA:76,2
DA:77,2
DA:78,0
DA:81,2
DA:82,2
DA:83,2
DA:97,2
DA:100,2
LF:34
LH:30
BRDA:19,0,0,0
BRDA:19,0,1,7
BRDA:23,1,0,0
BRDA:23,1,1,7
BRDA:23,2,0,7
BRDA:23,2,1,7
BRDA:23,2,2,7
BRDA:27,3,0,1
BRDA:27,3,1,6
BRDA:31,4,0,1
BRDA:31,4,1,5
BRDA:35,5,0,1
BRDA:35,5,1,4
BRDA:39,6,0,1
BRDA:39,6,1,3
BRDA:39,7,0,4
BRDA:39,7,1,3
BRDA:39,7,2,3
BRDA:39,7,3,3
BRDA:43,8,0,1
BRDA:43,8,1,2
BRDA:43,9,0,3
BRDA:43,9,1,2
BRDA:43,9,2,2
BRDA:43,9,3,2
BRDA:47,10,0,0
BRDA:47,10,1,2
BRDA:59,11,0,2
BRDA:59,11,1,0
BRDA:77,12,0,0
BRDA:77,12,1,2
BRDA:82,13,0,2
BRDA:82,13,1,0
BRF:33
BRH:27
end_of_record
TN:
SF:src/application/usecases/CreateUsuario.ts
FN:6,(anonymous_1)
FN:8,(anonymous_2)
FNF:2
FNH:2
FNDA:7,(anonymous_1)
FNDA:10,(anonymous_2)
DA:1,2
DA:5,2
DA:6,7
DA:9,10
DA:10,2
DA:13,8
DA:14,8
DA:15,2
DA:18,6
DA:19,2
DA:22,4
DA:23,4
DA:24,1
DA:27,3
DA:28,3
DA:30,3
DA:37,3
DA:39,3
DA:40,3
LF:19
LH:19
BRDA:9,0,0,2
BRDA:9,0,1,8
BRDA:9,1,0,10
BRDA:9,1,1,8
BRDA:9,1,2,8
BRDA:14,2,0,2
BRDA:14,2,1,6
BRDA:18,3,0,2
BRDA:18,3,1,4
BRDA:23,4,0,1
BRDA:23,4,1,3
BRDA:34,5,0,3
BRDA:34,5,1,1
BRF:13
BRH:13
end_of_record
TN:
SF:src/application/usecases/LoginUsuario.ts
FN:22,(anonymous_1)
FN:24,(anonymous_2)
FNF:2
FNH:2
FNDA:6,(anonymous_1)
FNDA:8,(anonymous_2)
DA:1,2
DA:3,2
DA:21,2
DA:22,6
DA:25,8
DA:26,2
DA:29,6
DA:30,6
DA:31,2
DA:34,4
DA:35,4
DA:36,1
DA:39,3
DA:45,3
DA:47,3
LF:15
LH:15
BRDA:25,0,0,2
BRDA:25,0,1,6
BRDA:25,1,0,8
BRDA:25,1,1,6
BRDA:30,2,0,2
BRDA:30,2,1,4
BRDA:35,3,0,1
BRDA:35,3,1,3
BRF:8
BRH:8
end_of_record
TN:
SF:src/infrastructure/db/repositories/UsuarioRepositoryImpl.ts
FN:9,(anonymous_0)
FN:13,(anonymous_1)
FN:34,(anonymous_2)
FN:52,(anonymous_3)
FNF:4
FNH:3
FNDA:3,(anonymous_0)
FNDA:1,(anonymous_1)
FNDA:0,(anonymous_2)
FNDA:3,(anonymous_3)
DA:4,1
DA:6,1
DA:10,3
DA:14,1
DA:19,1
DA:26,1
DA:27,1
DA:28,0
DA:31,1
DA:35,0
DA:36,0
DA:38,0
DA:39,0
DA:42,0
DA:53,3
DA:54,3
DA:56,3
DA:57,1
DA:60,2
LF:19
LH:13
BRDA:27,0,0,0
BRDA:27,0,1,1
BRDA:38,1,0,0
BRDA:38,1,1,0
BRDA:56,2,0,1
BRDA:56,2,1,2
BRF:6
BRH:3
end_of_record
TN:
SF:src/infrastructure/web/controllers/UsuarioController.ts
FN:11,(anonymous_0)
FN:17,(anonymous_1)
FN:52,(anonymous_2)
FNF:3
FNH:3
FNDA:1,(anonymous_0)
FNDA:4,(anonymous_1)
FNDA:3,(anonymous_2)
DA:2,1
DA:3,1
DA:4,1
DA:7,1
DA:12,1
DA:13,1
DA:14,1
DA:18,4
DA:19,4
DA:21,4
DA:28,4
DA:30,1
DA:36,3
DA:38,3
DA:39,3
DA:44,0
DA:53,3
DA:54,3
DA:56,3
DA:58,1
DA:64,2
DA:66,2
DA:67,2
DA:72,0
LF:24
LH:22
BRDA:38,0,0,3
BRDA:38,0,1,0
BRDA:66,1,0,2
BRDA:66,1,1,0
BRF:4
BRH:2
end_of_record
TN:
SF:src/infrastructure/web/routes/usuarioRoutes.ts
FN:7,(anonymous_0)
FN:11,(anonymous_1)
FNF:2
FNH:2
FNDA:4,(anonymous_0)
FNDA:3,(anonymous_1)
DA:1,1
DA:2,1
DA:4,1
DA:5,1
DA:7,1
DA:8,4
DA:11,1
DA:12,3
DA:15,1
LF:9
LH:9
BRF:0
BRH:0
end_of_record
TN:
SF:src/shared/utils/addressValidation.ts
FN:1,validateColombianAddress
FN:7,validateColombianCity
FN:42,(anonymous_2)
FN:47,validateColombianDepartment
FN:57,(anonymous_4)
FNF:5
FNH:5
FNDA:21,validateColombianAddress
FNDA:22,validateColombianCity
FNDA:393,(anonymous_2)
FNDA:21,validateColombianDepartment
FNDA:457,(anonymous_4)
DA:1,2
DA:2,21
DA:4,21
DA:7,2
DA:8,22
DA:42,22
DA:43,393
DA:47,2
DA:48,21
DA:57,21
DA:58,457
LF:11
LH:11
BRF:0
BRH:0
end_of_record
TN:
SF:src/shared/utils/jwt.ts
FN:12,generateToken
FN:16,verifyToken
FN:24,extractTokenFromHeader
FNF:3
FNH:3
FNDA:7,generateToken
FNDA:3,verifyToken
FNDA:4,extractTokenFromHeader
DA:1,3
DA:3,3
DA:4,3
DA:12,3
DA:13,7
DA:16,3
DA:17,3
DA:18,3
DA:20,2
DA:24,3
DA:25,4
DA:26,1
DA:29,3
DA:30,3
DA:31,1
DA:34,2
DA:35,2
DA:36,1
DA:39,1
LF:19
LH:19
BRDA:3,0,0,3
BRDA:3,0,1,0
BRDA:4,1,0,3
BRDA:4,1,1,0
BRDA:25,2,0,1
BRDA:25,2,1,3
BRDA:30,3,0,1
BRDA:30,3,1,2
BRDA:30,4,0,3
BRDA:30,4,1,3
BRDA:35,5,0,1
BRDA:35,5,1,1
BRF:12
BRH:10
end_of_record
